<?xml version="1.0" encoding="UTF-8"?>
<testExecutions version="1">
  <file path="D:\Documenti\PULSeBS_Team5\server\tests\API.test.js">
    <testCase name="User is defined" duration="11"/>
    <testCase name="User is undefined" duration="1"/>
    <testCase name="User by id is defined" duration="1"/>
    <testCase name="User by id is empty" duration="0"/>
    <testCase name="Get lectures for student &quot;900000&quot;" duration="2"/>
    <testCase name="Get lectures for student &quot;900001&quot;" duration="1"/>
    <testCase name="Check course for student &quot;900000&quot;" duration="1"/>
    <testCase name="Check course for student &quot;900001&quot;" duration="1"/>
    <testCase name="Check course for teacher &quot;d0000&quot;" duration="0"/>
    <testCase name="Check course for teacher &quot;d0001&quot;" duration="1"/>
    <testCase name="Get lecture info" duration="1"/>
    <testCase name="Get student info fulfilled" duration="1"/>
    <testCase name="Get student info empty" duration="1"/>
    <testCase name="Book lecture for student enrolled" duration="1"/>
    <testCase name="Book lecture for student not enrolled" duration="1"/>
    <testCase name="Check bookings for students enrolled" duration="2"/>
    <testCase name="Check bookings for students not enrolled" duration="1"/>
    <testCase name="Book lecture for student already booked" duration="2"/>
    <testCase name="Get seats count for lecture" duration="4">
      <failure message="Error: expect(received).toBe(expected) // Object.is equality"><![CDATA[Error: expect(received).toBe(expected) // Object.is equality

Expected: 0
Received: 5
    at Object.<anonymous> (D:\Documenti\PULSeBS_Team5\server\tests\API.test.js:212:31)]]></failure>
    </testCase>
    <testCase name="Get lectures for teacher" duration="1"/>
    <testCase name="Get students for lecture" duration="251"/>
    <testCase name="Get bookings for student 900000" duration="290"/>
    <testCase name="Get next student in line" duration="3">
      <failure message="Error: expect(received).toBe(expected) // Object.is equality"><![CDATA[Error: expect(received).toBe(expected) // Object.is equality

Expected: "900001"
Received: undefined
    at Object.<anonymous> (D:\Documenti\PULSeBS_Team5\server\tests\API.test.js:269:28)]]></failure>
    </testCase>
    <testCase name="Cancel lecture for authorized teacher" duration="2"/>
    <testCase name="Move lecture to remote for authorized teacher" duration="1"/>
    <testCase name="Move lecture to remote for unauthorized teacher" duration="1"/>
    <testCase name="Book canceled lecture for student enrolled" duration="3">
      <failure message="Error: expect(received).toBe(expected) // Object.is equality"><![CDATA[Error: expect(received).toBe(expected) // Object.is equality

Expected: "lecture not bookable"
Received: "already booked"
    at Object.<anonymous> (D:\Documenti\PULSeBS_Team5\server\tests\API.test.js:296:24)]]></failure>
    </testCase>
    <testCase name="Get lectures for course in time range" duration="1"/>
    <testCase name="Get courses of teacher d9000" duration="1"/>
    <testCase name="Get courses of teacher d9001" duration="1"/>
    <testCase name="Get all courses" duration="1"/>
    <testCase name="Get lecture lower date between lectures" duration="1"/>
    <testCase name="Get lecture higher date between lectures" duration="41"/>
    <testCase name="Get tot for lectures in week" duration="4">
      <failure message="Error: expect(received).toBe(expected) // Object.is equality"><![CDATA[Error: expect(received).toBe(expected) // Object.is equality

Expected: 3
Received: undefined
    at Object.<anonymous> (D:\Documenti\PULSeBS_Team5\server\tests\API.test.js:339:28)]]></failure>
    </testCase>
    <testCase name="Get tot for lectures in month" duration="1">
      <failure message="Error: expect(received).toBe(expected) // Object.is equality"><![CDATA[Error: expect(received).toBe(expected) // Object.is equality

Expected: 4
Received: undefined
    at Object.<anonymous> (D:\Documenti\PULSeBS_Team5\server\tests\API.test.js:347:29)]]></failure>
    </testCase>
    <testCase name="Get tot for lectures in lecture" duration="1">
      <failure message="Error: expect(received).toBe(expected) // Object.is equality"><![CDATA[Error: expect(received).toBe(expected) // Object.is equality

Expected: "2020-12-06 08:30:00"
Received: "2020-12-21 11:30"
    at Object.<anonymous> (D:\Documenti\PULSeBS_Team5\server\tests\API.test.js:355:22)]]></failure>
    </testCase>
    <testCase name="Contact tracing for student &quot;900001" duration="1"/>
    <testCase name="Put restrictions" duration="113"/>
    <testCase name="Lift restrictions" duration="111"/>
  </file>
</testExecutions>